2024-07-29 15:02:53,045 - INFO - Fit results:
2024-07-29 15:02:53,045 - INFO - chi2/ndf:	mean:	sigma:	mean_fm:	sigma_fm:
2024-07-29 15:02:53,457 - INFO - 1728977.82 / 31	5.96	1.64	2.34	0.64
2024-07-29 15:02:53,971 - INFO - 2918292.97 / 31	5.66	1.15	2.25	0.64
2024-07-29 15:02:54,547 - INFO - 4738278.50 / 31	4.76	1.09	2.12	0.64
2024-07-29 15:02:55,319 - INFO - 6540183.83 / 31	4.00	1.16	2.58	0.64
2024-07-29 15:02:56,261 - INFO - 833779.00 / 31	4.00	0.94	2.58	0.64
2024-07-29 15:02:57,330 - INFO - 7431089.41 / 33	3.44	0.92
2024-07-29 15:02:58,477 - INFO - 16309060.38 / 33	3.24	0.88
2024-07-29 15:02:59,678 - INFO - 35828898.19 / 33	3.08	0.86
2024-07-29 15:03:00,882 - INFO - 64833497.37 / 33	2.95	0.85
2024-07-29 15:03:02,059 - INFO - 102278176.92 / 33	2.84	0.84
2024-07-29 15:03:03,128 - INFO - 133157183.84 / 33	2.76	0.83
2024-07-29 15:03:04,115 - INFO - 160942270.66 / 33	2.69	0.82
2024-07-29 15:03:05,011 - INFO - 180465869.24 / 33	2.63	0.82
2024-07-29 15:03:05,847 - INFO - 190421928.38 / 33	2.58	0.81
2024-07-29 15:03:06,610 - INFO - 194373428.03 / 33	2.54	0.81
2024-07-29 15:03:07,311 - INFO - 186695298.52 / 33	2.51	0.81
2024-07-29 15:03:07,941 - INFO - 172779051.44 / 33	2.48	0.81
2024-07-29 15:03:08,170 - INFO - kp1: -84.3
2024-07-29 15:03:08,170 - INFO - kp2: -1.52
2024-07-29 15:03:08,170 - INFO - kp3: 0.22
2024-07-29 15:03:08,170 - INFO - kp4: 1.37
2024-07-29 15:03:08,170 - INFO - kp5: 1.57
2024-07-29 15:03:08,554 - INFO - Updated Bethe-Bloch parameters:
2024-07-29 15:03:08,558 - INFO - kp1: 0.001859039590216559
2024-07-29 15:03:08,558 - INFO - kp2: 1150.4281295860512
2024-07-29 15:03:08,558 - INFO - kp3: 162.0042881100945
2024-07-29 15:03:08,558 - INFO - kp4: 1.2236060982420682
2024-07-29 15:03:08,558 - INFO - kp5: 233.37255356635944
2024-07-29 15:03:08,579 - INFO - Bethe Bloch function: {'kp1': 0.001859039590216559, 'kp2': 1150.4281295860512, 'kp3': 162.0042881100945, 'kp4': 1.2236060982420682, 'kp5': 233.37255356635944}
2024-07-29 15:03:08,580 - INFO - BBfunc: {'kp1': 0.001859039590216559, 'kp2': 1150.4281295860512, 'kp3': 162.0042881100945, 'kp4': 1.2236060982420682, 'kp5': 233.37255356635944}
2024-07-29 15:03:28,173 - INFO - xs: [0.051686640828847885, 0.45, 0.55, 0.6500000000000001, 0.75, 0.8500000000000001, 0.9500000000000002, 1.05, 1.1500000000000001, 1.25, 1.35, 1.4500000000000002, 1.5500000000000003, 1.6500000000000001, 1.7500000000000002, 1.85, 259.8510437011719]
2024-07-29 15:03:28,173 - INFO - sigma: [1.6363507253300904, 1.1466808594151991, 1.0927273175896342, 1.1578886899830307, 0.9406844021845904, 0.9217786939895909, 0.8829436122166014, 0.8603825354651373, 0.8453651713125687, 0.8350808841780639, 0.826991111517929, 0.822032789432762, 0.8174164827206742, 0.8133004017810731, 0.8122381497887835, 0.8088004976196514, 0.8072687629590803]
2024-07-29 15:03:28,888 - INFO - Selected data
['fP', 'fEta', 'fPhi', 'fItsClusterSize', 'fPartID', 'fIsPositive', 'fPAbs', 'fPt', 'fCosL', 'fItsClusterSizeL0', 'fItsClusterSizeL1', 'fItsClusterSizeL2', 'fItsClusterSizeL3', 'fItsClusterSizeL4', 'fItsClusterSizeL5', 'fItsClusterSizeL6', 'fNClustersIts', 'fMeanItsClSize', 'fClSizeCosL', 'fMass', 'fBeta', 'fBetaAbs', 'fExpClSizeCosL', 'fSigmaClSizeCosL', 'fNSigmaPr']
shape: (9, 5)
┌────────────┬──────┬───────────┬──────────────────┬─────────────┐
│ describe   ┆ fP   ┆ fNSigmaPr ┆ fSigmaClSizeCosL ┆ fClSizeCosL │
│ ---        ┆ ---  ┆ ---       ┆ ---              ┆ ---         │
│ str        ┆ f64  ┆ f64       ┆ f64              ┆ f64         │
╞════════════╪══════╪═══════════╪══════════════════╪═════════════╡
│ count      ┆ 0.0  ┆ 0.0       ┆ 0.0              ┆ 0.0         │
│ null_count ┆ 0.0  ┆ 0.0       ┆ 0.0              ┆ 0.0         │
│ mean       ┆ null ┆ null      ┆ null             ┆ null        │
│ std        ┆ null ┆ null      ┆ null             ┆ null        │
│ min        ┆ null ┆ null      ┆ null             ┆ null        │
│ 25%        ┆ null ┆ null      ┆ null             ┆ null        │
│ 50%        ┆ null ┆ null      ┆ null             ┆ null        │
│ 75%        ┆ null ┆ null      ┆ null             ┆ null        │
│ max        ┆ null ┆ null      ┆ null             ┆ null        │
└────────────┴──────┴───────────┴──────────────────┴─────────────┘
2024-07-29 15:03:28,889 - INFO - Bethe Bloch function: {'kp1': 0.001859039590216559, 'kp2': 1150.4281295860512, 'kp3': 162.0042881100945, 'kp4': 1.2236060982420682, 'kp5': 233.37255356635944}
2024-07-29 15:03:28,889 - INFO - BBfunc: {'kp1': 0.001859039590216559, 'kp2': 1150.4281295860512, 'kp3': 162.0042881100945, 'kp4': 1.2236060982420682, 'kp5': 233.37255356635944}
2024-07-29 15:03:48,410 - INFO - xs: [0.051686640828847885, 0.45, 0.55, 0.6500000000000001, 0.75, 0.8500000000000001, 0.9500000000000002, 1.05, 1.1500000000000001, 1.25, 1.35, 1.4500000000000002, 1.5500000000000003, 1.6500000000000001, 1.7500000000000002, 1.85, 259.8510437011719]
2024-07-29 15:03:48,410 - INFO - sigma: [1.6363507253300904, 1.1466808594151991, 1.0927273175896342, 1.1578886899830307, 0.9406844021845904, 0.9217786939895909, 0.8829436122166014, 0.8603825354651373, 0.8453651713125687, 0.8350808841780639, 0.826991111517929, 0.822032789432762, 0.8174164827206742, 0.8133004017810731, 0.8122381497887835, 0.8088004976196514, 0.8072687629590803]
2024-07-29 15:03:50,733 - INFO - Selected data
['fP', 'fEta', 'fPhi', 'fItsClusterSize', 'fPartID', 'fIsPositive', 'fPAbs', 'fPt', 'fCosL', 'fItsClusterSizeL0', 'fItsClusterSizeL1', 'fItsClusterSizeL2', 'fItsClusterSizeL3', 'fItsClusterSizeL4', 'fItsClusterSizeL5', 'fItsClusterSizeL6', 'fNClustersIts', 'fMeanItsClSize', 'fClSizeCosL', 'fMass', 'fBeta', 'fBetaAbs', 'fExpClSizeCosL', 'fSigmaClSizeCosL', 'fNSigmaPr']
shape: (9, 5)
┌────────────┬─────────────┬─────────────┬──────────────────┬─────────────┐
│ describe   ┆ fP          ┆ fNSigmaPr   ┆ fSigmaClSizeCosL ┆ fClSizeCosL │
│ ---        ┆ ---         ┆ ---         ┆ ---              ┆ ---         │
│ str        ┆ f64         ┆ f64         ┆ f64              ┆ f64         │
╞════════════╪═════════════╪═════════════╪══════════════════╪═════════════╡
│ count      ┆ 4.8843749e7 ┆ 4.8843749e7 ┆ 4.8843749e7      ┆ 4.8843749e7 │
│ null_count ┆ 0.0         ┆ 0.0         ┆ 0.0              ┆ 0.0         │
│ mean       ┆ -0.010064   ┆ -4.697649   ┆ 1.0              ┆ 2.541196    │
│ std        ┆ 0.396501    ┆ 2.083508    ┆ 0.0              ┆ 0.837115    │
│ min        ┆ -9.862903   ┆ -13.359928  ┆ 1.0              ┆ 0.747722    │
│ 25%        ┆ -0.317913   ┆ -6.230166   ┆ 1.0              ┆ 1.9841      │
│ 50%        ┆ -0.188631   ┆ -4.666661   ┆ 1.0              ┆ 2.431003    │
│ 75%        ┆ 0.309857    ┆ -3.16888    ┆ 1.0              ┆ 2.937199    │
│ max        ┆ 8.691594    ┆ 11.266153   ┆ 1.0              ┆ 14.99985    │
└────────────┴─────────────┴─────────────┴──────────────────┴─────────────┘
2024-07-29 15:04:08,851 - INFO - Bethe Bloch function: {'kp1': 0.001859039590216559, 'kp2': 1150.4281295860512, 'kp3': 162.0042881100945, 'kp4': 1.2236060982420682, 'kp5': 233.37255356635944}
2024-07-29 15:04:08,852 - INFO - BBfunc: {'kp1': 0.001859039590216559, 'kp2': 1150.4281295860512, 'kp3': 162.0042881100945, 'kp4': 1.2236060982420682, 'kp5': 233.37255356635944}
2024-07-29 15:04:28,811 - INFO - xs: [0.051686640828847885, 0.45, 0.55, 0.6500000000000001, 0.75, 0.8500000000000001, 0.9500000000000002, 1.05, 1.1500000000000001, 1.25, 1.35, 1.4500000000000002, 1.5500000000000003, 1.6500000000000001, 1.7500000000000002, 1.85, 259.8510437011719]
2024-07-29 15:04:28,811 - INFO - sigma: [1.6363507253300904, 1.1466808594151991, 1.0927273175896342, 1.1578886899830307, 0.9406844021845904, 0.9217786939895909, 0.8829436122166014, 0.8603825354651373, 0.8453651713125687, 0.8350808841780639, 0.826991111517929, 0.822032789432762, 0.8174164827206742, 0.8133004017810731, 0.8122381497887835, 0.8088004976196514, 0.8072687629590803]
2024-07-29 15:04:29,607 - INFO - Selected data
['fP', 'fEta', 'fPhi', 'fItsClusterSize', 'fPartID', 'fIsPositive', 'fPAbs', 'fPt', 'fCosL', 'fItsClusterSizeL0', 'fItsClusterSizeL1', 'fItsClusterSizeL2', 'fItsClusterSizeL3', 'fItsClusterSizeL4', 'fItsClusterSizeL5', 'fItsClusterSizeL6', 'fNClustersIts', 'fMeanItsClSize', 'fClSizeCosL', 'fMass', 'fBeta', 'fBetaAbs', 'fExpClSizeCosL', 'fSigmaClSizeCosL', 'fNSigmaPr']
shape: (9, 5)
┌────────────┬───────────┬────────────┬──────────────────┬─────────────┐
│ describe   ┆ fP        ┆ fNSigmaPr  ┆ fSigmaClSizeCosL ┆ fClSizeCosL │
│ ---        ┆ ---       ┆ ---        ┆ ---              ┆ ---         │
│ str        ┆ f64       ┆ f64        ┆ f64              ┆ f64         │
╞════════════╪═══════════╪════════════╪══════════════════╪═════════════╡
│ count      ┆ 248707.0  ┆ 248707.0   ┆ 248707.0         ┆ 248707.0    │
│ null_count ┆ 0.0       ┆ 0.0        ┆ 0.0              ┆ 0.0         │
│ mean       ┆ -0.009286 ┆ -3.176212  ┆ 1.0              ┆ 2.727308    │
│ std        ┆ 0.824544  ┆ 3.441282   ┆ 0.0              ┆ 0.972878    │
│ min        ┆ -8.324537 ┆ -24.588955 ┆ 1.0              ┆ 0.729182    │
│ 25%        ┆ -0.559416 ┆ -4.842169  ┆ 1.0              ┆ 2.099818    │
│ 50%        ┆ -0.128739 ┆ -1.920019  ┆ 1.0              ┆ 2.524098    │
│ 75%        ┆ 0.547539  ┆ -0.78702   ┆ 1.0              ┆ 3.119906    │
│ max        ┆ 8.126662  ┆ 10.117602  ┆ 1.0              ┆ 14.6646     │
└────────────┴───────────┴────────────┴──────────────────┴─────────────┘
2024-07-29 15:04:29,701 - INFO - Bethe Bloch function: {'kp1': 0.001859039590216559, 'kp2': 1150.4281295860512, 'kp3': 162.0042881100945, 'kp4': 1.2236060982420682, 'kp5': 233.37255356635944}
2024-07-29 15:04:29,701 - INFO - BBfunc: {'kp1': 0.001859039590216559, 'kp2': 1150.4281295860512, 'kp3': 162.0042881100945, 'kp4': 1.2236060982420682, 'kp5': 233.37255356635944}
2024-07-29 15:04:49,284 - INFO - xs: [0.051686640828847885, 0.45, 0.55, 0.6500000000000001, 0.75, 0.8500000000000001, 0.9500000000000002, 1.05, 1.1500000000000001, 1.25, 1.35, 1.4500000000000002, 1.5500000000000003, 1.6500000000000001, 1.7500000000000002, 1.85, 259.8510437011719]
2024-07-29 15:04:49,284 - INFO - sigma: [1.6363507253300904, 1.1466808594151991, 1.0927273175896342, 1.1578886899830307, 0.9406844021845904, 0.9217786939895909, 0.8829436122166014, 0.8603825354651373, 0.8453651713125687, 0.8350808841780639, 0.826991111517929, 0.822032789432762, 0.8174164827206742, 0.8133004017810731, 0.8122381497887835, 0.8088004976196514, 0.8072687629590803]
2024-07-29 15:04:51,593 - INFO - Selected data
['fP', 'fEta', 'fPhi', 'fItsClusterSize', 'fPartID', 'fIsPositive', 'fPAbs', 'fPt', 'fCosL', 'fItsClusterSizeL0', 'fItsClusterSizeL1', 'fItsClusterSizeL2', 'fItsClusterSizeL3', 'fItsClusterSizeL4', 'fItsClusterSizeL5', 'fItsClusterSizeL6', 'fNClustersIts', 'fMeanItsClSize', 'fClSizeCosL', 'fMass', 'fBeta', 'fBetaAbs', 'fExpClSizeCosL', 'fSigmaClSizeCosL', 'fNSigmaPr']
shape: (9, 5)
┌────────────┬─────────────┬─────────────┬──────────────────┬─────────────┐
│ describe   ┆ fP          ┆ fNSigmaPr   ┆ fSigmaClSizeCosL ┆ fClSizeCosL │
│ ---        ┆ ---         ┆ ---         ┆ ---              ┆ ---         │
│ str        ┆ f64         ┆ f64         ┆ f64              ┆ f64         │
╞════════════╪═════════════╪═════════════╪══════════════════╪═════════════╡
│ count      ┆ 4.8829575e7 ┆ 4.8829575e7 ┆ 4.8829575e7      ┆ 4.8829575e7 │
│ null_count ┆ 0.0         ┆ 0.0         ┆ 0.0              ┆ 0.0         │
│ mean       ┆ 0.041609    ┆ -0.095935   ┆ 1.0              ┆ 2.923627    │
│ std        ┆ 1.747276    ┆ 1.081636    ┆ 0.0              ┆ 1.050478    │
│ min        ┆ -42.376472  ┆ -11.670373  ┆ 1.0              ┆ 0.747705    │
│ 25%        ┆ -1.327582   ┆ -0.567659   ┆ 1.0              ┆ 2.217054    │
│ 50%        ┆ 0.488094    ┆ -0.116474   ┆ 1.0              ┆ 2.737035    │
│ 75%        ┆ 1.365125    ┆ 0.390927    ┆ 1.0              ┆ 3.43017     │
│ max        ┆ 59.365948   ┆ 12.53855    ┆ 1.0              ┆ 14.986826   │
└────────────┴─────────────┴─────────────┴──────────────────┴─────────────┘
2024-07-29 15:05:10,049 - INFO - Bethe Bloch function: {'kp1': 0.001859039590216559, 'kp2': 1150.4281295860512, 'kp3': 162.0042881100945, 'kp4': 1.2236060982420682, 'kp5': 233.37255356635944}
2024-07-29 15:05:10,049 - INFO - BBfunc: {'kp1': 0.001859039590216559, 'kp2': 1150.4281295860512, 'kp3': 162.0042881100945, 'kp4': 1.2236060982420682, 'kp5': 233.37255356635944}
2024-07-29 15:05:30,294 - INFO - xs: [0.051686640828847885, 0.45, 0.55, 0.6500000000000001, 0.75, 0.8500000000000001, 0.9500000000000002, 1.05, 1.1500000000000001, 1.25, 1.35, 1.4500000000000002, 1.5500000000000003, 1.6500000000000001, 1.7500000000000002, 1.85, 259.8510437011719]
2024-07-29 15:05:30,294 - INFO - sigma: [1.6363507253300904, 1.1466808594151991, 1.0927273175896342, 1.1578886899830307, 0.9406844021845904, 0.9217786939895909, 0.8829436122166014, 0.8603825354651373, 0.8453651713125687, 0.8350808841780639, 0.826991111517929, 0.822032789432762, 0.8174164827206742, 0.8133004017810731, 0.8122381497887835, 0.8088004976196514, 0.8072687629590803]
2024-07-29 15:05:31,095 - INFO - Selected data
['fP', 'fEta', 'fPhi', 'fItsClusterSize', 'fPartID', 'fIsPositive', 'fPAbs', 'fPt', 'fCosL', 'fItsClusterSizeL0', 'fItsClusterSizeL1', 'fItsClusterSizeL2', 'fItsClusterSizeL3', 'fItsClusterSizeL4', 'fItsClusterSizeL5', 'fItsClusterSizeL6', 'fNClustersIts', 'fMeanItsClSize', 'fClSizeCosL', 'fMass', 'fBeta', 'fBetaAbs', 'fExpClSizeCosL', 'fSigmaClSizeCosL', 'fNSigmaPr']
shape: (9, 5)
┌────────────┬────────────┬───────────┬──────────────────┬─────────────┐
│ describe   ┆ fP         ┆ fNSigmaPr ┆ fSigmaClSizeCosL ┆ fClSizeCosL │
│ ---        ┆ ---        ┆ ---       ┆ ---              ┆ ---         │
│ str        ┆ f64        ┆ f64       ┆ f64              ┆ f64         │
╞════════════╪════════════╪═══════════╪══════════════════╪═════════════╡
│ count      ┆ 96494.0    ┆ 96494.0   ┆ 96494.0          ┆ 96494.0     │
│ null_count ┆ 0.0        ┆ 0.0       ┆ 0.0              ┆ 0.0         │
│ mean       ┆ -1.777934  ┆ 0.975843  ┆ 1.0              ┆ 3.604634    │
│ std        ┆ 0.911728   ┆ 0.822598  ┆ 0.0              ┆ 1.012779    │
│ min        ┆ -43.576538 ┆ -2.99382  ┆ 1.0              ┆ 1.071748    │
│ 25%        ┆ -2.091771  ┆ 0.409473  ┆ 1.0              ┆ 2.87953     │
│ 50%        ┆ -1.663757  ┆ 0.886322  ┆ 1.0              ┆ 3.48303     │
│ 75%        ┆ -1.354889  ┆ 1.461629  ┆ 1.0              ┆ 4.213816    │
│ max        ┆ -0.581202  ┆ 5.788162  ┆ 1.0              ┆ 9.134279    │
└────────────┴────────────┴───────────┴──────────────────┴─────────────┘
2024-07-29 15:05:31,134 - INFO - Bethe Bloch function: {'kp1': 0.001859039590216559, 'kp2': 1150.4281295860512, 'kp3': 162.0042881100945, 'kp4': 1.2236060982420682, 'kp5': 233.37255356635944}
2024-07-29 15:05:31,134 - INFO - BBfunc: {'kp1': 0.001859039590216559, 'kp2': 1150.4281295860512, 'kp3': 162.0042881100945, 'kp4': 1.2236060982420682, 'kp5': 233.37255356635944}
2024-07-29 15:05:51,046 - INFO - xs: [0.051686640828847885, 0.45, 0.55, 0.6500000000000001, 0.75, 0.8500000000000001, 0.9500000000000002, 1.05, 1.1500000000000001, 1.25, 1.35, 1.4500000000000002, 1.5500000000000003, 1.6500000000000001, 1.7500000000000002, 1.85, 259.8510437011719]
2024-07-29 15:05:51,047 - INFO - sigma: [1.6363507253300904, 1.1466808594151991, 1.0927273175896342, 1.1578886899830307, 0.9406844021845904, 0.9217786939895909, 0.8829436122166014, 0.8603825354651373, 0.8453651713125687, 0.8350808841780639, 0.826991111517929, 0.822032789432762, 0.8174164827206742, 0.8133004017810731, 0.8122381497887835, 0.8088004976196514, 0.8072687629590803]
2024-07-29 15:05:51,850 - INFO - Selected data
['fP', 'fEta', 'fPhi', 'fItsClusterSize', 'fPartID', 'fIsPositive', 'fPAbs', 'fPt', 'fCosL', 'fItsClusterSizeL0', 'fItsClusterSizeL1', 'fItsClusterSizeL2', 'fItsClusterSizeL3', 'fItsClusterSizeL4', 'fItsClusterSizeL5', 'fItsClusterSizeL6', 'fNClustersIts', 'fMeanItsClSize', 'fClSizeCosL', 'fMass', 'fBeta', 'fBetaAbs', 'fExpClSizeCosL', 'fSigmaClSizeCosL', 'fNSigmaPr']
shape: (9, 5)
┌────────────┬─────────────┬───────────┬──────────────────┬─────────────┐
│ describe   ┆ fP          ┆ fNSigmaPr ┆ fSigmaClSizeCosL ┆ fClSizeCosL │
│ ---        ┆ ---         ┆ ---       ┆ ---              ┆ ---         │
│ str        ┆ f64         ┆ f64       ┆ f64              ┆ f64         │
╞════════════╪═════════════╪═══════════╪══════════════════╪═════════════╡
│ count      ┆ 104390.0    ┆ 104390.0  ┆ 104390.0         ┆ 104390.0    │
│ null_count ┆ 0.0         ┆ 0.0       ┆ 0.0              ┆ 0.0         │
│ mean       ┆ -0.711034   ┆ 0.077938  ┆ 1.0              ┆ 3.406048    │
│ std        ┆ 3.013514    ┆ 1.017086  ┆ 0.0              ┆ 1.608407    │
│ min        ┆ -259.851044 ┆ -4.188369 ┆ 1.0              ┆ 0.934384    │
│ 25%        ┆ -2.216264   ┆ -0.433156 ┆ 1.0              ┆ 2.131086    │
│ 50%        ┆ -0.55258    ┆ 0.02519   ┆ 1.0              ┆ 2.623818    │
│ 75%        ┆ 0.599813    ┆ 0.608563  ┆ 1.0              ┆ 4.849011    │
│ max        ┆ 124.778648  ┆ 9.471181  ┆ 1.0              ┆ 14.137311   │
└────────────┴─────────────┴───────────┴──────────────────┴─────────────┘
